Analysis & Synthesis report for CPU
Mon Jan 23 16:07:33 2023
Quartus II 64-Bit Version 13.0.1 Build 232 06/12/2013 Service Pack 1 SJ Web Edition


---------------------
; Table of Contents ;
---------------------
  1. Legal Notice
  2. Analysis & Synthesis Summary
  3. Analysis & Synthesis Settings
  4. Parallel Compilation
  5. Analysis & Synthesis IP Cores Summary
  6. Parameter Settings for User Entity Instance: mybusmux:inst|lpm_mux:LPM_MUX_component
  7. Elapsed Time Per Partition
  8. Analysis & Synthesis Messages



----------------
; Legal Notice ;
----------------
Copyright (C) 1991-2013 Altera Corporation
Your use of Altera Corporation's design tools, logic functions 
and other software and tools, and its AMPP partner logic 
functions, and any output files from any of the foregoing 
(including device programming or simulation files), and any 
associated documentation or information are expressly subject 
to the terms and conditions of the Altera Program License 
Subscription Agreement, Altera MegaCore Function License 
Agreement, or other applicable license agreement, including, 
without limitation, that your use is for the sole purpose of 
programming logic devices manufactured by Altera and sold by 
Altera or its authorized distributors.  Please refer to the 
applicable agreement for further details.



+--------------------------------------------------------------------------------------+
; Analysis & Synthesis Summary                                                         ;
+------------------------------------+-------------------------------------------------+
; Analysis & Synthesis Status        ; Failed - Mon Jan 23 16:07:33 2023               ;
; Quartus II 64-Bit Version          ; 13.0.1 Build 232 06/12/2013 SP 1 SJ Web Edition ;
; Revision Name                      ; CPU                                             ;
; Top-level Entity Name              ; CPU                                             ;
; Family                             ; Cyclone III                                     ;
; Total logic elements               ; N/A until Partition Merge                       ;
;     Total combinational functions  ; N/A until Partition Merge                       ;
;     Dedicated logic registers      ; N/A until Partition Merge                       ;
; Total registers                    ; N/A until Partition Merge                       ;
; Total pins                         ; N/A until Partition Merge                       ;
; Total virtual pins                 ; N/A until Partition Merge                       ;
; Total memory bits                  ; N/A until Partition Merge                       ;
; Embedded Multiplier 9-bit elements ; N/A until Partition Merge                       ;
; Total PLLs                         ; N/A until Partition Merge                       ;
+------------------------------------+-------------------------------------------------+


+----------------------------------------------------------------------------------------------------------------------+
; Analysis & Synthesis Settings                                                                                        ;
+----------------------------------------------------------------------------+--------------------+--------------------+
; Option                                                                     ; Setting            ; Default Value      ;
+----------------------------------------------------------------------------+--------------------+--------------------+
; Device                                                                     ; EP3C16F484C6       ;                    ;
; Top-level entity name                                                      ; CPU                ; CPU                ;
; Family name                                                                ; Cyclone III        ; Cyclone IV GX      ;
; Use smart compilation                                                      ; Off                ; Off                ;
; Enable parallel Assembler and TimeQuest Timing Analyzer during compilation ; On                 ; On                 ;
; Enable compact report table                                                ; Off                ; Off                ;
; Restructure Multiplexers                                                   ; Auto               ; Auto               ;
; Create Debugging Nodes for IP Cores                                        ; Off                ; Off                ;
; Preserve fewer node names                                                  ; On                 ; On                 ;
; Disable OpenCore Plus hardware evaluation                                  ; Off                ; Off                ;
; Verilog Version                                                            ; Verilog_2001       ; Verilog_2001       ;
; VHDL Version                                                               ; VHDL_1993          ; VHDL_1993          ;
; State Machine Processing                                                   ; Auto               ; Auto               ;
; Safe State Machine                                                         ; Off                ; Off                ;
; Extract Verilog State Machines                                             ; On                 ; On                 ;
; Extract VHDL State Machines                                                ; On                 ; On                 ;
; Ignore Verilog initial constructs                                          ; Off                ; Off                ;
; Iteration limit for constant Verilog loops                                 ; 5000               ; 5000               ;
; Iteration limit for non-constant Verilog loops                             ; 250                ; 250                ;
; Add Pass-Through Logic to Inferred RAMs                                    ; On                 ; On                 ;
; Infer RAMs from Raw Logic                                                  ; On                 ; On                 ;
; Parallel Synthesis                                                         ; On                 ; On                 ;
; DSP Block Balancing                                                        ; Auto               ; Auto               ;
; NOT Gate Push-Back                                                         ; On                 ; On                 ;
; Power-Up Don't Care                                                        ; On                 ; On                 ;
; Remove Redundant Logic Cells                                               ; Off                ; Off                ;
; Remove Duplicate Registers                                                 ; On                 ; On                 ;
; Ignore CARRY Buffers                                                       ; Off                ; Off                ;
; Ignore CASCADE Buffers                                                     ; Off                ; Off                ;
; Ignore GLOBAL Buffers                                                      ; Off                ; Off                ;
; Ignore ROW GLOBAL Buffers                                                  ; Off                ; Off                ;
; Ignore LCELL Buffers                                                       ; Off                ; Off                ;
; Ignore SOFT Buffers                                                        ; On                 ; On                 ;
; Limit AHDL Integers to 32 Bits                                             ; Off                ; Off                ;
; Optimization Technique                                                     ; Balanced           ; Balanced           ;
; Carry Chain Length                                                         ; 70                 ; 70                 ;
; Auto Carry Chains                                                          ; On                 ; On                 ;
; Auto Open-Drain Pins                                                       ; On                 ; On                 ;
; Perform WYSIWYG Primitive Resynthesis                                      ; Off                ; Off                ;
; Auto ROM Replacement                                                       ; On                 ; On                 ;
; Auto RAM Replacement                                                       ; On                 ; On                 ;
; Auto DSP Block Replacement                                                 ; On                 ; On                 ;
; Auto Shift Register Replacement                                            ; Auto               ; Auto               ;
; Allow Shift Register Merging across Hierarchies                            ; Auto               ; Auto               ;
; Auto Clock Enable Replacement                                              ; On                 ; On                 ;
; Strict RAM Replacement                                                     ; Off                ; Off                ;
; Allow Synchronous Control Signals                                          ; On                 ; On                 ;
; Force Use of Synchronous Clear Signals                                     ; Off                ; Off                ;
; Auto RAM Block Balancing                                                   ; On                 ; On                 ;
; Auto RAM to Logic Cell Conversion                                          ; Off                ; Off                ;
; Auto Resource Sharing                                                      ; Off                ; Off                ;
; Allow Any RAM Size For Recognition                                         ; Off                ; Off                ;
; Allow Any ROM Size For Recognition                                         ; Off                ; Off                ;
; Allow Any Shift Register Size For Recognition                              ; Off                ; Off                ;
; Use LogicLock Constraints during Resource Balancing                        ; On                 ; On                 ;
; Ignore translate_off and synthesis_off directives                          ; Off                ; Off                ;
; Timing-Driven Synthesis                                                    ; On                 ; On                 ;
; Report Parameter Settings                                                  ; On                 ; On                 ;
; Report Source Assignments                                                  ; On                 ; On                 ;
; Report Connectivity Checks                                                 ; On                 ; On                 ;
; Ignore Maximum Fan-Out Assignments                                         ; Off                ; Off                ;
; Synchronization Register Chain Length                                      ; 2                  ; 2                  ;
; PowerPlay Power Optimization                                               ; Normal compilation ; Normal compilation ;
; HDL message level                                                          ; Level2             ; Level2             ;
; Suppress Register Optimization Related Messages                            ; Off                ; Off                ;
; Number of Removed Registers Reported in Synthesis Report                   ; 5000               ; 5000               ;
; Number of Swept Nodes Reported in Synthesis Report                         ; 5000               ; 5000               ;
; Number of Inverted Registers Reported in Synthesis Report                  ; 100                ; 100                ;
; Clock MUX Protection                                                       ; On                 ; On                 ;
; Auto Gated Clock Conversion                                                ; Off                ; Off                ;
; Block Design Naming                                                        ; Auto               ; Auto               ;
; SDC constraint protection                                                  ; Off                ; Off                ;
; Synthesis Effort                                                           ; Auto               ; Auto               ;
; Shift Register Replacement - Allow Asynchronous Clear Signal               ; On                 ; On                 ;
; Pre-Mapping Resynthesis Optimization                                       ; Off                ; Off                ;
; Analysis & Synthesis Message Level                                         ; Medium             ; Medium             ;
; Disable Register Merging Across Hierarchies                                ; Auto               ; Auto               ;
; Resource Aware Inference For Block RAM                                     ; On                 ; On                 ;
; Synthesis Seed                                                             ; 1                  ; 1                  ;
+----------------------------------------------------------------------------+--------------------+--------------------+


Parallel compilation was disabled, but you have multiple processors available. Enable parallel compilation to reduce compilation time.
+-------------------------------------+
; Parallel Compilation                ;
+----------------------------+--------+
; Processors                 ; Number ;
+----------------------------+--------+
; Number detected on machine ; 8      ;
; Maximum allowed            ; 1      ;
+----------------------------+--------+


+---------------------------------------------------------------------------------------------------------------------------------------+
; Analysis & Synthesis IP Cores Summary                                                                                                 ;
+--------+--------------+---------+--------------+--------------+--------------------+--------------------------------------------------+
; Vendor ; IP Core Name ; Version ; Release Date ; License Type ; Entity Instance    ; IP Include File                                  ;
+--------+--------------+---------+--------------+--------------+--------------------+--------------------------------------------------+
; Altera ; LPM_MUX      ; 13.0    ; N/A          ; N/A          ; |CPU|mybusmux:inst ; C:/altera/13.0sp1/ELEC 374/CPUProject/mybusmux.v ;
+--------+--------------+---------+--------------+--------------+--------------------+--------------------------------------------------+


+--------------------------------------------------------------------------------------+
; Parameter Settings for User Entity Instance: mybusmux:inst|lpm_mux:LPM_MUX_component ;
+------------------------+-------------+-----------------------------------------------+
; Parameter Name         ; Value       ; Type                                          ;
+------------------------+-------------+-----------------------------------------------+
; AUTO_CARRY_CHAINS      ; ON          ; AUTO_CARRY                                    ;
; IGNORE_CARRY_BUFFERS   ; OFF         ; IGNORE_CARRY                                  ;
; AUTO_CASCADE_CHAINS    ; ON          ; AUTO_CASCADE                                  ;
; IGNORE_CASCADE_BUFFERS ; OFF         ; IGNORE_CASCADE                                ;
; LPM_WIDTH              ; 32          ; Signed Integer                                ;
; LPM_SIZE               ; 32          ; Signed Integer                                ;
; LPM_WIDTHS             ; 5           ; Signed Integer                                ;
; LPM_PIPELINE           ; 0           ; Untyped                                       ;
; CBXI_PARAMETER         ; mux_9tc     ; Untyped                                       ;
; DEVICE_FAMILY          ; Cyclone III ; Untyped                                       ;
+------------------------+-------------+-----------------------------------------------+
Note: In order to hide this table in the UI and the text report file, please set the "Show Parameter Settings in Synthesis Report" option in "Analysis and Synthesis Settings -> More Settings" to "Off".


+-------------------------------+
; Elapsed Time Per Partition    ;
+----------------+--------------+
; Partition Name ; Elapsed Time ;
+----------------+--------------+
; Top            ; 00:00:00     ;
+----------------+--------------+


+-------------------------------+
; Analysis & Synthesis Messages ;
+-------------------------------+
Info: *******************************************************************
Info: Running Quartus II 64-Bit Analysis & Synthesis
    Info: Version 13.0.1 Build 232 06/12/2013 Service Pack 1 SJ Web Edition
    Info: Processing started: Mon Jan 23 16:07:31 2023
Info: Command: quartus_map --read_settings_files=on --write_settings_files=off CPU -c CPU
Warning (20028): Parallel compilation is not licensed and has been disabled
Warning (12019): Can't analyze file -- file Register32.v is missing
Info (12021): Found 1 design units, including 1 entities, in source file reg64.v
    Info (12023): Found entity 1: Reg64
Info (12021): Found 1 design units, including 1 entities, in source file cpu.bdf
    Info (12023): Found entity 1: CPU
Info (12021): Found 1 design units, including 1 entities, in source file mybusmux.v
    Info (12023): Found entity 1: mybusmux
Info (12127): Elaborating entity "CPU" for the top level hierarchy
Warning (275013): Port "clk" of type Reg64 and instance "HI" is missing source signal
Warning (275013): Port "clk" of type Reg64 and instance "inst5" is missing source signal
Warning (275013): Port "clk" of type Reg32 and instance "IR" is missing source signal
Warning (275013): Port "clk" of type Reg64 and instance "LO" is missing source signal
Warning (275013): Port "clk" of type Reg64 and instance "MAR" is missing source signal
Warning (275013): Port "clk" of type Reg32 and instance "PC" is missing source signal
Warning (275013): Port "clk" of type Reg32 and instance "R0" is missing source signal
Warning (275013): Port "clk" of type Reg32 and instance "R1" is missing source signal
Warning (275013): Port "clk" of type Reg32 and instance "R10" is missing source signal
Warning (275013): Port "clk" of type Reg32 and instance "R11" is missing source signal
Warning (275013): Port "clk" of type Reg32 and instance "R12" is missing source signal
Warning (275013): Port "clk" of type Reg32 and instance "R13" is missing source signal
Warning (275013): Port "clk" of type Reg32 and instance "R14" is missing source signal
Warning (275013): Port "clk" of type Reg32 and instance "R15" is missing source signal
Warning (275013): Port "clk" of type Reg32 and instance "R2" is missing source signal
Warning (275013): Port "clk" of type Reg32 and instance "R3" is missing source signal
Warning (275013): Port "clk" of type Reg32 and instance "R4" is missing source signal
Warning (275013): Port "clk" of type Reg32 and instance "R5" is missing source signal
Warning (275013): Port "clk" of type Reg32 and instance "R6" is missing source signal
Warning (275013): Port "clk" of type Reg32 and instance "R7" is missing source signal
Warning (275013): Port "clk" of type Reg32 and instance "R8" is missing source signal
Warning (275013): Port "clk" of type Reg32 and instance "R9" is missing source signal
Warning (275013): Port "clk" of type Reg32 and instance "Y" is missing source signal
Warning (275013): Port "clk" of type Reg32 and instance "Y4" is missing source signal
Info (12128): Elaborating entity "Reg64" for hierarchy "Reg64:HI"
Info (12128): Elaborating entity "mybusmux" for hierarchy "mybusmux:inst"
Info (12128): Elaborating entity "lpm_mux" for hierarchy "mybusmux:inst|lpm_mux:LPM_MUX_component"
Info (12130): Elaborated megafunction instantiation "mybusmux:inst|lpm_mux:LPM_MUX_component"
Info (12133): Instantiated megafunction "mybusmux:inst|lpm_mux:LPM_MUX_component" with the following parameter:
    Info (12134): Parameter "lpm_size" = "32"
    Info (12134): Parameter "lpm_type" = "LPM_MUX"
    Info (12134): Parameter "lpm_width" = "32"
    Info (12134): Parameter "lpm_widths" = "5"
Info (12021): Found 1 design units, including 1 entities, in source file db/mux_9tc.tdf
    Info (12023): Found entity 1: mux_9tc
Info (12128): Elaborating entity "mux_9tc" for hierarchy "mybusmux:inst|lpm_mux:LPM_MUX_component|mux_9tc:auto_generated"
Warning (12125): Using design file reg32.v, which is not specified as a design file for the current project, but contains definitions for 1 design units and 1 entities in project
    Info (12023): Found entity 1: Reg32
Info (12128): Elaborating entity "Reg32" for hierarchy "Reg32:IR"
Error (12061): Can't synthesize current design -- Top partition does not contain any logic
Error: Quartus II 64-Bit Analysis & Synthesis was unsuccessful. 1 error, 27 warnings
    Error: Peak virtual memory: 4583 megabytes
    Error: Processing ended: Mon Jan 23 16:07:33 2023
    Error: Elapsed time: 00:00:02
    Error: Total CPU time (on all processors): 00:00:01


